<?xml version="1.0" encoding="UTF-8"?>
<!-- Generated by org.testng.reporters.JUnitReportReporter -->
<testsuite hostname="RAMSATPUTE" failures="0" tests="1" name="org.AutomationExercise.Tests.VerificationOfRegisterUserTest" time="17.199" errors="0" timestamp="2023-06-22T21:17:20 IST" skipped="0">
  <testcase classname="org.AutomationExercise.Tests.VerificationOfRegisterUserTest" name="testscenario" time="17.199"/>
  <system-out/>
</testsuite> <!-- org.AutomationExercise.Tests.VerificationOfRegisterUserTest -->
