<?xml version="1.0" encoding="UTF-8"?>
<!-- Generated by org.testng.reporters.JUnitReportReporter -->
<testsuite hostname="RAMSATPUTE" failures="0" tests="1" name="org.AutomationExercieseTestScripts.VerificationofAddReviewOnProductTest" time="28.233" errors="0" timestamp="2023-06-22T17:17:07 IST" skipped="0">
  <testcase classname="org.AutomationExercieseTestScripts.VerificationofAddReviewOnProductTest" name="testscenario" time="28.233"/>
  <system-out/>
</testsuite> <!-- org.AutomationExercieseTestScripts.VerificationofAddReviewOnProductTest -->
