<?xml version="1.0" encoding="UTF-8"?>
<!-- Generated by org.testng.reporters.JUnitReportReporter -->
<testsuite hostname="RAMSATPUTE" failures="0" tests="2" name="org.AutomationExercise.GridTests.ValidLoginCredentialsTest" time="58.403" errors="0" timestamp="2023-06-25T00:34:50 IST" skipped="0">
  <testcase classname="org.AutomationExercise.GridTests.ValidLoginCredentialsTest" name="validLoginTest" time="41.741"/>
  <system-out/>
  <testcase classname="org.AutomationExercise.GridTests.ValidLoginCredentialsTest" name="validLoginTest" time="16.662"/>
  <system-out/>
</testsuite> <!-- org.AutomationExercise.GridTests.ValidLoginCredentialsTest -->
