<?xml version="1.0" encoding="UTF-8"?>
<!-- Generated by org.testng.reporters.JUnitReportReporter -->
<testsuite hostname="RAMSATPUTE" failures="0" tests="1" name="org.TestScripts.TestCase1" time="22.722" errors="0" timestamp="2023-06-21T03:12:46 IST" skipped="0">
  <testcase classname="org.TestScripts.TestCase1" name="test1" time="22.722"/>
  <system-out/>
</testsuite> <!-- org.TestScripts.TestCase1 -->
