<?xml version="1.0" encoding="UTF-8"?>
<!-- Generated by org.testng.reporters.JUnitReportReporter -->
<testsuite hostname="RAMSATPUTE" failures="0" tests="1" name="org.TestScripts.TestCase6" time="10.161" errors="0" timestamp="2023-06-21T09:52:36 IST" skipped="0">
  <testcase classname="org.TestScripts.TestCase6" name="testscenario" time="10.161"/>
  <system-out/>
</testsuite> <!-- org.TestScripts.TestCase6 -->
