<?xml version="1.0" encoding="UTF-8"?>
<!-- Generated by org.testng.reporters.JUnitReportReporter -->
<testsuite hostname="RAMSATPUTE" failures="0" tests="1" name="org.TestScripts.TestCase3" time="10.059" errors="0" timestamp="2023-06-21T03:58:21 IST" skipped="0">
  <testcase classname="org.TestScripts.TestCase3" name="test1" time="10.059"/>
  <system-out/>
</testsuite> <!-- org.TestScripts.TestCase3 -->
