<?xml version="1.0" encoding="UTF-8"?>
<!-- Generated by org.testng.reporters.JUnitReportReporter -->
<testsuite hostname="RAMSATPUTE" failures="0" tests="1" name="org.AutomationExercise.Tests.RemoveProductFromCartTest" time="27.036" errors="0" timestamp="2023-06-25T16:26:52 IST" skipped="0">
  <testcase classname="org.AutomationExercise.Tests.RemoveProductFromCartTest" name="testscenario4" time="27.036"/>
  <system-out/>
</testsuite> <!-- org.AutomationExercise.Tests.RemoveProductFromCartTest -->
