<?xml version="1.0" encoding="UTF-8"?>
<!-- Generated by org.testng.reporters.JUnitReportReporter -->
<testsuite hostname="RAMSATPUTE" failures="0" tests="2" name="org.TestGrid.TestCase4" time="0.000" errors="0" timestamp="2023-06-21T22:51:52 IST" skipped="2">
  <testcase classname="org.TestGrid.TestCase4" name="test2" time="0.000">
    <skipped/>
  </testcase> <!-- test2 -->
  <system-out/>
  <testcase classname="org.TestGrid.TestCase4" name="test2" time="0.000">
    <skipped/>
  </testcase> <!-- test2 -->
  <system-out/>
</testsuite> <!-- org.TestGrid.TestCase4 -->
