<?xml version="1.0" encoding="UTF-8"?>
<!-- Generated by org.testng.reporters.JUnitReportReporter -->
<testsuite hostname="RAMSATPUTE" failures="0" tests="1" name="org.AutomationExercieseTests.VerificationOfLoginInvalidCredentialsTest" time="25.382" errors="0" timestamp="2023-06-22T18:54:58 IST" skipped="0">
  <testcase classname="org.AutomationExercieseTests.VerificationOfLoginInvalidCredentialsTest" name="testscenario" time="25.382"/>
  <system-out/>
</testsuite> <!-- org.AutomationExercieseTests.VerificationOfLoginInvalidCredentialsTest -->
