<?xml version="1.0" encoding="UTF-8"?>
<!-- Generated by org.testng.reporters.JUnitReportReporter -->
<testsuite hostname="RAMSATPUTE" failures="0" tests="1" name="org.AutomationExercieseTests.VerificationOfRemoveProductsFromCartTest" time="34.942" errors="0" timestamp="2023-06-22T18:58:44 IST" skipped="0">
  <testcase classname="org.AutomationExercieseTests.VerificationOfRemoveProductsFromCartTest" name="testscenario" time="34.942"/>
  <system-out/>
</testsuite> <!-- org.AutomationExercieseTests.VerificationOfRemoveProductsFromCartTest -->
