<?xml version="1.0" encoding="UTF-8"?>
<!-- Generated by org.testng.reporters.JUnitReportReporter -->
<testsuite hostname="RAMSATPUTE" failures="0" tests="2" name="org.TestGrid.GridTestCase4" time="36.241" errors="0" timestamp="2023-06-21T23:28:25 IST" skipped="1">
  <testcase classname="org.TestGrid.GridTestCase4" name="test2" time="36.241"/>
  <system-out/>
  <testcase classname="org.TestGrid.GridTestCase4" name="test2" time="0.000">
    <skipped/>
  </testcase> <!-- test2 -->
  <system-out/>
</testsuite> <!-- org.TestGrid.GridTestCase4 -->
