<?xml version="1.0" encoding="UTF-8"?>
<!-- Generated by org.testng.reporters.JUnitReportReporter -->
<testsuite hostname="RAMSATPUTE" failures="0" tests="2" name="org.AutomationExercise.GridTests.RemoveProductFromCartTest" time="57.917" errors="0" timestamp="2023-06-25T19:52:06 IST" skipped="1">
  <testcase classname="org.AutomationExercise.GridTests.RemoveProductFromCartTest" name="removeProductTest" time="0.000">
    <skipped/>
  </testcase> <!-- removeProductTest -->
  <system-out/>
  <testcase classname="org.AutomationExercise.GridTests.RemoveProductFromCartTest" name="removeProductTest" time="57.917"/>
  <system-out/>
</testsuite> <!-- org.AutomationExercise.GridTests.RemoveProductFromCartTest -->
