<?xml version="1.0" encoding="UTF-8"?>
<!-- Generated by org.testng.reporters.JUnitReportReporter -->
<testsuite hostname="RAMSATPUTE" failures="0" tests="1" name="org.TestScripts.Testcase2" time="34.841" errors="0" timestamp="2023-06-21T03:47:09 IST" skipped="0">
  <testcase classname="org.TestScripts.Testcase2" name="test1" time="34.841"/>
  <system-out/>
</testsuite> <!-- org.TestScripts.Testcase2 -->
