<?xml version="1.0" encoding="UTF-8"?>
<!-- Generated by org.testng.reporters.JUnitReportReporter -->
<testsuite hostname="RAMSATPUTE" failures="0" tests="1" name="org.AutomationExercise.Tests.AddReviewOnProductTest" time="2.152" errors="0" timestamp="2023-06-23T03:34:38 IST" skipped="0">
  <testcase classname="org.AutomationExercise.Tests.AddReviewOnProductTest" name="testScenario" time="2.152"/>
  <system-out/>
</testsuite> <!-- org.AutomationExercise.Tests.AddReviewOnProductTest -->
