<?xml version="1.0" encoding="UTF-8"?>
<!-- Generated by org.testng.reporters.JUnitReportReporter -->
<testsuite hostname="RAMSATPUTE" failures="0" tests="1" name="org.AutomationExercise.Tests.VerificationOfInValidLoginCredentialsTest" time="16.681" errors="0" timestamp="2023-06-22T21:35:35 IST" skipped="0">
  <testcase classname="org.AutomationExercise.Tests.VerificationOfInValidLoginCredentialsTest" name="testscenario" time="16.681"/>
  <system-out/>
</testsuite> <!-- org.AutomationExercise.Tests.VerificationOfInValidLoginCredentialsTest -->
