<?xml version="1.0" encoding="UTF-8"?>
<!-- Generated by org.testng.reporters.JUnitReportReporter -->
<testsuite hostname="RAMSATPUTE" failures="0" tests="1" name="org.AutomationExercise.Tests.RegisterUserTest" time="15.692" errors="0" timestamp="2023-06-23T04:27:28 IST" skipped="0">
  <testcase classname="org.AutomationExercise.Tests.RegisterUserTest" name="testscenario1" time="15.692"/>
  <system-out/>
</testsuite> <!-- org.AutomationExercise.Tests.RegisterUserTest -->
