<?xml version="1.0" encoding="UTF-8"?>
<!-- Generated by org.testng.reporters.JUnitReportReporter -->
<testsuite hostname="RAMSATPUTE" failures="0" tests="1" name="org.AutomationExercieseTestScripts.TestCase5" time="0.000" errors="0" timestamp="2023-06-21T15:34:40 IST" skipped="1">
  <testcase classname="org.AutomationExercieseTestScripts.TestCase5" name="testscenario" time="0.000">
    <skipped/>
  </testcase> <!-- testscenario -->
  <system-out/>
</testsuite> <!-- org.AutomationExercieseTestScripts.TestCase5 -->
