<?xml version="1.0" encoding="UTF-8"?>
<!-- Generated by org.testng.reporters.JUnitReportReporter -->
<testsuite hostname="RAMSATPUTE" failures="0" tests="1" name="org.AutomationExercise.Tests.VerificationOfRegisterUser" time="11.817" errors="0" timestamp="2023-06-22T21:06:33 IST" skipped="0">
  <testcase classname="org.AutomationExercise.Tests.VerificationOfRegisterUser" name="testscenario" time="11.817"/>
  <system-out/>
</testsuite> <!-- org.AutomationExercise.Tests.VerificationOfRegisterUser -->
