<?xml version="1.0" encoding="UTF-8"?>
<!-- Generated by org.testng.reporters.JUnitReportReporter -->
<testsuite hostname="RAMSATPUTE" failures="0" tests="2" name="org.AutomationExercise.GridTests.InValidLoginCredentialsTest" time="9.992" errors="0" timestamp="2023-06-23T04:34:22 IST" skipped="0">
  <testcase classname="org.AutomationExercise.GridTests.InValidLoginCredentialsTest" name="testscenario3" time="3.202"/>
  <system-out/>
  <testcase classname="org.AutomationExercise.GridTests.InValidLoginCredentialsTest" name="testscenario3" time="6.790"/>
  <system-out/>
</testsuite> <!-- org.AutomationExercise.GridTests.InValidLoginCredentialsTest -->
