<?xml version="1.0" encoding="UTF-8"?>
<!-- Generated by org.testng.reporters.JUnitReportReporter -->
<testsuite hostname="RAMSATPUTE" failures="0" tests="1" name="org.AutomationExercise.Tests.ValidLoginCredentialsTest" time="22.292" errors="0" timestamp="2023-06-25T19:57:59 IST" skipped="0">
  <testcase classname="org.AutomationExercise.Tests.ValidLoginCredentialsTest" name="testscenario2" time="22.292"/>
  <system-out/>
</testsuite> <!-- org.AutomationExercise.Tests.ValidLoginCredentialsTest -->
