<?xml version="1.0" encoding="UTF-8"?>
<!-- Generated by org.testng.reporters.JUnitReportReporter -->
<testsuite hostname="RAMSATPUTE" failures="0" tests="1" name="org.TestScripts.TestScripts" time="25.500" errors="0" timestamp="2023-06-21T01:01:03 IST" skipped="0">
  <testcase classname="org.TestScripts.TestScripts" name="test1" time="25.500"/>
  <system-out/>
</testsuite> <!-- org.TestScripts.TestScripts -->
