<?xml version="1.0" encoding="UTF-8"?>
<!-- Generated by org.testng.reporters.JUnitReportReporter -->
<testsuite hostname="RAMSATPUTE" failures="0" tests="1" name="org.AutomationExercise.Tests.SearchProductsTest" time="48.766" errors="0" timestamp="2023-06-24T23:45:17 IST" skipped="0">
  <testcase classname="org.AutomationExercise.Tests.SearchProductsTest" name="testscenario" time="48.766"/>
  <system-out/>
</testsuite> <!-- org.AutomationExercise.Tests.SearchProductsTest -->
