<?xml version="1.0" encoding="UTF-8"?>
<!-- Generated by org.testng.reporters.JUnitReportReporter -->
<testsuite hostname="RAMSATPUTE" failures="0" tests="1" name="org.AutomationExercise.Tests.ValidLoginCredentialsTest" time="12.229" errors="0" timestamp="2023-06-24T23:46:02 IST" skipped="0">
  <testcase classname="org.AutomationExercise.Tests.ValidLoginCredentialsTest" name="testscenario2" time="12.229"/>
  <system-out/>
</testsuite> <!-- org.AutomationExercise.Tests.ValidLoginCredentialsTest -->
