<?xml version="1.0" encoding="UTF-8"?>
<!-- Generated by org.testng.reporters.JUnitReportReporter -->
<testsuite hostname="RAMSATPUTE" failures="0" tests="1" name="org.AutomationExercieseTests.VerificationOfSearchProductTest" time="50.327" errors="0" timestamp="2023-06-22T19:05:06 IST" skipped="0">
  <testcase classname="org.AutomationExercieseTests.VerificationOfSearchProductTest" name="testscenario" time="50.327"/>
  <system-out/>
</testsuite> <!-- org.AutomationExercieseTests.VerificationOfSearchProductTest -->
