<?xml version="1.0" encoding="UTF-8"?>
<!-- Generated by org.testng.reporters.JUnitReportReporter -->
<testsuite hostname="RAMSATPUTE" failures="0" tests="1" name="org.AutomationExercise.Tests.SearchProductsTest" time="112.120" errors="0" timestamp="2023-06-25T16:29:35 IST" skipped="0">
  <testcase classname="org.AutomationExercise.Tests.SearchProductsTest" name="testscenario" time="112.120"/>
  <system-out/>
</testsuite> <!-- org.AutomationExercise.Tests.SearchProductsTest -->
