<?xml version="1.0" encoding="UTF-8"?>
<!-- Generated by org.testng.reporters.JUnitReportReporter -->
<testsuite hostname="RAMSATPUTE" failures="0" tests="1" name="org.AutomationExercise.Tests.AddReviewOnProductTest" time="15.012" errors="0" timestamp="2023-06-24T23:48:38 IST" skipped="0">
  <testcase classname="org.AutomationExercise.Tests.AddReviewOnProductTest" name="testScenario" time="15.012"/>
  <system-out/>
</testsuite> <!-- org.AutomationExercise.Tests.AddReviewOnProductTest -->
