<?xml version="1.0" encoding="UTF-8"?>
<!-- Generated by org.testng.reporters.JUnitReportReporter -->
<testsuite hostname="RAMSATPUTE" failures="0" tests="2" name="org.AutomationExercise.GridTests.AddReviewOnProductTest" time="11.241" errors="0" timestamp="2023-06-25T00:34:50 IST" skipped="0">
  <testcase classname="org.AutomationExercise.GridTests.AddReviewOnProductTest" name="addReviewOnProductTest" time="6.899"/>
  <system-out/>
  <testcase classname="org.AutomationExercise.GridTests.AddReviewOnProductTest" name="addReviewOnProductTest" time="4.342"/>
  <system-out/>
</testsuite> <!-- org.AutomationExercise.GridTests.AddReviewOnProductTest -->
