<?xml version="1.0" encoding="UTF-8"?>
<!-- Generated by org.testng.reporters.JUnitReportReporter -->
<testsuite hostname="RAMSATPUTE" failures="0" tests="1" name="org.AutomationExercieseTests.VerificationOfLoginValidCredentialsTest" time="58.407" errors="0" timestamp="2023-06-22T18:54:17 IST" skipped="0">
  <testcase classname="org.AutomationExercieseTests.VerificationOfLoginValidCredentialsTest" name="testscenario" time="58.407"/>
  <system-out/>
</testsuite> <!-- org.AutomationExercieseTests.VerificationOfLoginValidCredentialsTest -->
