<?xml version="1.0" encoding="UTF-8"?>
<!-- Generated by org.testng.reporters.JUnitReportReporter -->
<testsuite hostname="RAMSATPUTE" failures="0" tests="2" name="org.AutomationExercise.GridTests.ValidLoginCredentialsTest" time="52.312" errors="0" timestamp="2023-06-25T19:52:06 IST" skipped="1">
  <testcase classname="org.AutomationExercise.GridTests.ValidLoginCredentialsTest" name="validLoginTest" time="0.000">
    <skipped/>
  </testcase> <!-- validLoginTest -->
  <system-out/>
  <testcase classname="org.AutomationExercise.GridTests.ValidLoginCredentialsTest" name="validLoginTest" time="52.312"/>
  <system-out/>
</testsuite> <!-- org.AutomationExercise.GridTests.ValidLoginCredentialsTest -->
