<?xml version="1.0" encoding="UTF-8"?>
<!-- Generated by org.testng.reporters.JUnitReportReporter -->
<testsuite hostname="RAMSATPUTE" failures="0" tests="2" name="org.AutomationExercise.GridTests.AddReviewOnProductTest" time="13.676" errors="0" timestamp="2023-06-23T04:34:22 IST" skipped="0">
  <testcase classname="org.AutomationExercise.GridTests.AddReviewOnProductTest" name="testscenario" time="9.703"/>
  <system-out/>
  <testcase classname="org.AutomationExercise.GridTests.AddReviewOnProductTest" name="testscenario" time="3.973"/>
  <system-out/>
</testsuite> <!-- org.AutomationExercise.GridTests.AddReviewOnProductTest -->
