<?xml version="1.0" encoding="UTF-8"?>
<!-- Generated by org.testng.reporters.JUnitReportReporter -->
<testsuite hostname="RAMSATPUTE" failures="0" tests="1" name="org.AutomationExercise.Tests.InValidLoginCredentialsTest" time="6.147" errors="0" timestamp="2023-06-25T19:58:20 IST" skipped="0">
  <testcase classname="org.AutomationExercise.Tests.InValidLoginCredentialsTest" name="testscenario3" time="6.147"/>
  <system-out/>
</testsuite> <!-- org.AutomationExercise.Tests.InValidLoginCredentialsTest -->
