<?xml version="1.0" encoding="UTF-8"?>
<!-- Generated by org.testng.reporters.JUnitReportReporter -->
<testsuite hostname="RAMSATPUTE" failures="0" tests="1" name="org.AutomationExercieseTestScripts.VerificationOfLoginInvalidCredentialsTest" time="15.706" errors="0" timestamp="2023-06-22T17:19:18 IST" skipped="0">
  <testcase classname="org.AutomationExercieseTestScripts.VerificationOfLoginInvalidCredentialsTest" name="testscenario" time="15.706"/>
  <system-out/>
</testsuite> <!-- org.AutomationExercieseTestScripts.VerificationOfLoginInvalidCredentialsTest -->
