<?xml version="1.0" encoding="UTF-8"?>
<!-- Generated by org.testng.reporters.JUnitReportReporter -->
<testsuite hostname="RAMSATPUTE" failures="0" tests="2" name="org.AutomationExercise.GridTests.InValidLoginCredentialsTest" time="29.838" errors="0" timestamp="2023-06-25T00:34:50 IST" skipped="0">
  <testcase classname="org.AutomationExercise.GridTests.InValidLoginCredentialsTest" name="loginIvCredentialTest" time="5.687"/>
  <system-out/>
  <testcase classname="org.AutomationExercise.GridTests.InValidLoginCredentialsTest" name="loginIvCredentialTest" time="24.151"/>
  <system-out/>
</testsuite> <!-- org.AutomationExercise.GridTests.InValidLoginCredentialsTest -->
