<?xml version="1.0" encoding="UTF-8"?>
<!-- Generated by org.testng.reporters.JUnitReportReporter -->
<testsuite hostname="RAMSATPUTE" failures="0" tests="1" name="org.AutomationExercise.Tests.RemoveProductFromCartTest" time="25.791" errors="0" timestamp="2023-06-24T23:38:13 IST" skipped="0">
  <testcase classname="org.AutomationExercise.Tests.RemoveProductFromCartTest" name="testscenario4" time="25.791"/>
  <system-out/>
</testsuite> <!-- org.AutomationExercise.Tests.RemoveProductFromCartTest -->
