<?xml version="1.0" encoding="UTF-8"?>
<!-- Generated by org.testng.reporters.JUnitReportReporter -->
<testsuite hostname="RAMSATPUTE" failures="0" tests="1" name="org.AutomationExercieseTests.VerificationOfRegistrationUserTest" time="39.779" errors="0" timestamp="2023-06-22T18:52:47 IST" skipped="0">
  <testcase classname="org.AutomationExercieseTests.VerificationOfRegistrationUserTest" name="testscenario" time="39.779"/>
  <system-out/>
</testsuite> <!-- org.AutomationExercieseTests.VerificationOfRegistrationUserTest -->
