<?xml version="1.0" encoding="UTF-8"?>
<!-- Generated by org.testng.reporters.JUnitReportReporter -->
<testsuite hostname="RAMSATPUTE" failures="0" tests="1" name="org.TestScripts.TestCase4" time="53.435" errors="0" timestamp="2023-06-21T11:02:43 IST" skipped="0">
  <testcase classname="org.TestScripts.TestCase4" name="testscenario" time="53.435"/>
  <system-out/>
</testsuite> <!-- org.TestScripts.TestCase4 -->
