<?xml version="1.0" encoding="UTF-8"?>
<!-- Generated by org.testng.reporters.JUnitReportReporter -->
<testsuite hostname="RAMSATPUTE" failures="0" tests="2" name="org.AutomationExercise.GridTests.ValidLoginCredentialsTest" time="0.000" errors="0" timestamp="2023-06-23T02:08:23 IST" skipped="2">
  <testcase classname="org.AutomationExercise.GridTests.ValidLoginCredentialsTest" name="testscenario2" time="0.000">
    <skipped/>
  </testcase> <!-- testscenario2 -->
  <system-out/>
  <testcase classname="org.AutomationExercise.GridTests.ValidLoginCredentialsTest" name="testscenario2" time="0.000">
    <skipped/>
  </testcase> <!-- testscenario2 -->
  <system-out/>
</testsuite> <!-- org.AutomationExercise.GridTests.ValidLoginCredentialsTest -->
