<?xml version="1.0" encoding="UTF-8"?>
<!-- Generated by org.testng.reporters.JUnitReportReporter -->
<testsuite hostname="RAMSATPUTE" failures="0" tests="2" name="org.AutomationExercise.GridTests.SearchProductsTest" time="87.653" errors="0" timestamp="2023-06-25T20:31:06 IST" skipped="1">
  <testcase classname="org.AutomationExercise.GridTests.SearchProductsTest" name="searchProductTest" time="87.653"/>
  <system-out/>
  <testcase classname="org.AutomationExercise.GridTests.SearchProductsTest" name="searchProductTest" time="0.000">
    <skipped/>
  </testcase> <!-- searchProductTest -->
  <system-out/>
</testsuite> <!-- org.AutomationExercise.GridTests.SearchProductsTest -->
