<?xml version="1.0" encoding="UTF-8"?>
<!-- Generated by org.testng.reporters.JUnitReportReporter -->
<testsuite hostname="RAMSATPUTE" failures="0" tests="2" name="org.AutomationExercise.GridTests.RegisterUserTest" time="81.183" errors="0" timestamp="2023-06-25T01:10:09 IST" skipped="0">
  <testcase classname="org.AutomationExercise.GridTests.RegisterUserTest" name="registerUserTest" time="37.024"/>
  <system-out/>
  <testcase classname="org.AutomationExercise.GridTests.RegisterUserTest" name="registerUserTest" time="44.159"/>
  <system-out/>
</testsuite> <!-- org.AutomationExercise.GridTests.RegisterUserTest -->
