<?xml version="1.0" encoding="UTF-8"?>
<!-- Generated by org.testng.reporters.JUnitReportReporter -->
<testsuite hostname="RAMSATPUTE" failures="0" tests="2" name="org.AutomationExercise.GridTests.RegisterUserTest" time="132.940" errors="0" timestamp="2023-06-25T20:31:06 IST" skipped="1">
  <testcase classname="org.AutomationExercise.GridTests.RegisterUserTest" name="registerUserTest" time="0.000">
    <skipped/>
  </testcase> <!-- registerUserTest -->
  <system-out/>
  <testcase classname="org.AutomationExercise.GridTests.RegisterUserTest" name="registerUserTest" time="132.940"/>
  <system-out/>
</testsuite> <!-- org.AutomationExercise.GridTests.RegisterUserTest -->
